<?xml version="1.0" encoding="UTF-8"?>
<!-- Generated by org.testng.reporters.JUnitXMLReporter -->
<testsuite ignored="0" hostname="DESKTOP-TQA70RE" failures="0" tests="4" name="Default test" time="54.435" errors="0" timestamp="21 Feb 2022 17:25:10 GMT">
  <testcase classname="com.qa.opencart.tests.ProductInfoTest" name="productHeaderTest" time="12.407"/>
  <testcase classname="com.qa.opencart.tests.ProductInfoTest" name="productImagesCountTest" time="8.707"/>
  <testcase classname="com.qa.opencart.tests.ProductInfoTest" name="productImagesCountTest" time="7.639"/>
  <testcase classname="com.qa.opencart.tests.ProductInfoTest" name="productImagesCountTest" time="7.704"/>
</testsuite> <!-- Default test -->
