<?xml version="1.0" encoding="UTF-8"?>
<!-- Generated by org.testng.reporters.JUnitXMLReporter -->
<testsuite hostname="DESKTOP-TQA70RE" ignored="0" name="Accounts Page Test" tests="13" failures="0" timestamp="15 Mar 2022 15:48:09 GMT" time="143.391" errors="0">
  <testcase name="accPageHeaderTest" time="2.181" classname="com.qa.opencart.tests.AccountsPageTest"/>
  <testcase name="accPageSectionsTest" time="0.817" classname="com.qa.opencart.tests.AccountsPageTest"/>
  <testcase name="accPageTitleTest" time="0.056" classname="com.qa.opencart.tests.AccountsPageTest"/>
  <testcase name="accPageUrlTest" time="0.05" classname="com.qa.opencart.tests.AccountsPageTest"/>
  <testcase name="logoutLinkTest" time="1.314" classname="com.qa.opencart.tests.AccountsPageTest"/>
  <testcase name="searchExistTest" time="1.683" classname="com.qa.opencart.tests.AccountsPageTest"/>
  <testcase name="searchTest" time="11.193" classname="com.qa.opencart.tests.AccountsPageTest"/>
  <testcase name="searchTest" time="6.4" classname="com.qa.opencart.tests.AccountsPageTest"/>
  <testcase name="searchTest" time="6.029" classname="com.qa.opencart.tests.AccountsPageTest"/>
  <testcase name="selectProductTest" time="14.775" classname="com.qa.opencart.tests.AccountsPageTest"/>
  <testcase name="selectProductTest" time="16.343" classname="com.qa.opencart.tests.AccountsPageTest"/>
  <testcase name="selectProductTest" time="11.886" classname="com.qa.opencart.tests.AccountsPageTest"/>
  <testcase name="selectProductTest" time="12.034" classname="com.qa.opencart.tests.AccountsPageTest"/>
</testsuite> <!-- Accounts Page Test -->
