<?xml version="1.0" encoding="UTF-8"?>
<!-- Generated by org.testng.reporters.JUnitXMLReporter -->
<testsuite hostname="DESKTOP-TQA70RE" ignored="0" name="Accounts Page Test" tests="13" failures="0" timestamp="17 Mar 2022 17:54:05 GMT" time="128.289" errors="0">
  <testcase name="accPageHeaderTest" time="1.21" classname="com.qa.opencart.tests.AccountsPageTest"/>
  <testcase name="accPageSectionsTest" time="0.458" classname="com.qa.opencart.tests.AccountsPageTest"/>
  <testcase name="accPageTitleTest" time="0.029" classname="com.qa.opencart.tests.AccountsPageTest"/>
  <testcase name="accPageUrlTest" time="0.062" classname="com.qa.opencart.tests.AccountsPageTest"/>
  <testcase name="logoutLinkTest" time="1.237" classname="com.qa.opencart.tests.AccountsPageTest"/>
  <testcase name="searchExistTest" time="1.138" classname="com.qa.opencart.tests.AccountsPageTest"/>
  <testcase name="searchTest" time="6.517" classname="com.qa.opencart.tests.AccountsPageTest"/>
  <testcase name="searchTest" time="6.129" classname="com.qa.opencart.tests.AccountsPageTest"/>
  <testcase name="searchTest" time="5.81" classname="com.qa.opencart.tests.AccountsPageTest"/>
  <testcase name="selectProductTest" time="16.643" classname="com.qa.opencart.tests.AccountsPageTest"/>
  <testcase name="selectProductTest" time="15.466" classname="com.qa.opencart.tests.AccountsPageTest"/>
  <testcase name="selectProductTest" time="13.582" classname="com.qa.opencart.tests.AccountsPageTest"/>
  <testcase name="selectProductTest" time="9.338" classname="com.qa.opencart.tests.AccountsPageTest"/>
</testsuite> <!-- Accounts Page Test -->
