<?xml version="1.0" encoding="UTF-8"?>
<!-- Generated by org.testng.reporters.JUnitXMLReporter -->
<testsuite hostname="DESKTOP-TQA70RE" ignored="0" name="Login Page Test" tests="4" failures="0" timestamp="17 Mar 2022 17:52:51 GMT" time="54.686" errors="0">
  <testcase name="forgotPwdLinkTest" time="2.653" classname="com.qa.opencart.tests.LoginPageTest"/>
  <testcase name="loginPageTitleTest" time="0.176" classname="com.qa.opencart.tests.LoginPageTest"/>
  <testcase name="loginPageURLTest" time="0.118" classname="com.qa.opencart.tests.LoginPageTest"/>
  <testcase name="loginTest" time="8.47" classname="com.qa.opencart.tests.LoginPageTest"/>
</testsuite> <!-- Login Page Test -->
