<?xml version="1.0" encoding="UTF-8"?>
<!-- Generated by org.testng.reporters.JUnitXMLReporter -->
<testsuite hostname="DESKTOP-TQA70RE" ignored="0" name="Login Page Test" tests="4" failures="0" timestamp="15 Mar 2022 15:46:49 GMT" time="63.358" errors="0">
  <testcase name="forgotPwdLinkTest" time="2.152" classname="com.qa.opencart.tests.LoginPageTest"/>
  <testcase name="loginPageTitleTest" time="0.185" classname="com.qa.opencart.tests.LoginPageTest"/>
  <testcase name="loginPageURLTest" time="0.143" classname="com.qa.opencart.tests.LoginPageTest"/>
  <testcase name="loginTest" time="9.802" classname="com.qa.opencart.tests.LoginPageTest"/>
</testsuite> <!-- Login Page Test -->
