<?xml version="1.0" encoding="UTF-8"?>
<!-- Generated by org.testng.reporters.JUnitXMLReporter -->
<testsuite hostname="DESKTOP-TQA70RE" ignored="0" name="Product Info Page Test" tests="4" failures="0" timestamp="15 Mar 2022 15:48:06 GMT" time="73.39" errors="0">
  <testcase name="productHeaderTest" time="17.355" classname="com.qa.opencart.tests.ProductInfoTest"/>
  <testcase name="productImagesCountTest" time="12.872" classname="com.qa.opencart.tests.ProductInfoTest"/>
  <testcase name="productImagesCountTest" time="9.042" classname="com.qa.opencart.tests.ProductInfoTest"/>
  <testcase name="productImagesCountTest" time="11.255" classname="com.qa.opencart.tests.ProductInfoTest"/>
</testsuite> <!-- Product Info Page Test -->
