<?xml version="1.0" encoding="UTF-8"?>
<testng-results skipped="0" failed="0" ignored="0" total="17" passed="17">
  <reporter-output>
  </reporter-output>
  <suite name="Open Cart Regression Test Suite" duration-ms="128773" started-at="2022-03-17T17:51:56Z" finished-at="2022-03-17T17:54:05Z">
    <groups>
    </groups>
    <test name="Login Page Test" duration-ms="54686" started-at="2022-03-17T17:51:56Z" finished-at="2022-03-17T17:52:51Z">
      <class name="com.qa.opencart.tests.LoginPageTest">
        <test-method status="PASS" signature="setUp()[pri:0, instance:com.qa.opencart.tests.LoginPageTest@263bbfeb]" name="setUp" is-config="true" duration-ms="39711" started-at="2022-03-17T17:51:57Z" finished-at="2022-03-17T17:52:36Z">
          <reporter-output>
          </reporter-output>
        </test-method> <!-- setUp -->
        <test-method status="PASS" signature="forgotPwdLinkTest()[pri:0, instance:com.qa.opencart.tests.LoginPageTest@263bbfeb]" name="forgotPwdLinkTest" duration-ms="2653" started-at="2022-03-17T17:52:37Z" finished-at="2022-03-17T17:52:39Z">
          <reporter-output>
          </reporter-output>
        </test-method> <!-- forgotPwdLinkTest -->
        <test-method status="PASS" signature="loginPageTitleTest()[pri:0, instance:com.qa.opencart.tests.LoginPageTest@263bbfeb]" name="loginPageTitleTest" duration-ms="176" started-at="2022-03-17T17:52:41Z" finished-at="2022-03-17T17:52:41Z">
          <reporter-output>
          </reporter-output>
        </test-method> <!-- loginPageTitleTest -->
        <test-method status="PASS" signature="loginPageURLTest()[pri:0, instance:com.qa.opencart.tests.LoginPageTest@263bbfeb]" name="loginPageURLTest" duration-ms="118" started-at="2022-03-17T17:52:41Z" finished-at="2022-03-17T17:52:41Z">
          <reporter-output>
          </reporter-output>
        </test-method> <!-- loginPageURLTest -->
        <test-method status="PASS" signature="loginTest()[pri:0, instance:com.qa.opencart.tests.LoginPageTest@263bbfeb]" name="loginTest" duration-ms="8470" started-at="2022-03-17T17:52:41Z" description="login test with correct username and password" finished-at="2022-03-17T17:52:50Z">
          <reporter-output>
          </reporter-output>
        </test-method> <!-- loginTest -->
        <test-method status="PASS" signature="tearDown()[pri:0, instance:com.qa.opencart.tests.LoginPageTest@263bbfeb]" name="tearDown" is-config="true" duration-ms="1241" started-at="2022-03-17T17:52:50Z" finished-at="2022-03-17T17:52:51Z">
          <reporter-output>
          </reporter-output>
        </test-method> <!-- tearDown -->
      </class> <!-- com.qa.opencart.tests.LoginPageTest -->
    </test> <!-- Login Page Test -->
    <test name="Accounts Page Test" duration-ms="128289" started-at="2022-03-17T17:51:57Z" finished-at="2022-03-17T17:54:05Z">
      <class name="com.qa.opencart.tests.AccountsPageTest">
        <test-method status="PASS" signature="setUp()[pri:0, instance:com.qa.opencart.tests.AccountsPageTest@11b377c5]" name="setUp" is-config="true" duration-ms="39640" started-at="2022-03-17T17:51:57Z" finished-at="2022-03-17T17:52:36Z">
          <reporter-output>
          </reporter-output>
        </test-method> <!-- setUp -->
        <test-method status="PASS" signature="accPageSetUp()[pri:0, instance:com.qa.opencart.tests.AccountsPageTest@11b377c5]" name="accPageSetUp" is-config="true" duration-ms="9026" started-at="2022-03-17T17:52:37Z" finished-at="2022-03-17T17:52:46Z">
          <reporter-output>
          </reporter-output>
        </test-method> <!-- accPageSetUp -->
        <test-method status="PASS" signature="accPageHeaderTest()[pri:0, instance:com.qa.opencart.tests.AccountsPageTest@11b377c5]" name="accPageHeaderTest" duration-ms="1210" started-at="2022-03-17T17:52:46Z" finished-at="2022-03-17T17:52:47Z">
          <reporter-output>
          </reporter-output>
        </test-method> <!-- accPageHeaderTest -->
        <test-method status="PASS" signature="accPageSectionsTest()[pri:0, instance:com.qa.opencart.tests.AccountsPageTest@11b377c5]" name="accPageSectionsTest" duration-ms="458" started-at="2022-03-17T17:52:47Z" finished-at="2022-03-17T17:52:47Z">
          <reporter-output>
          </reporter-output>
        </test-method> <!-- accPageSectionsTest -->
        <test-method status="PASS" signature="accPageTitleTest()[pri:0, instance:com.qa.opencart.tests.AccountsPageTest@11b377c5]" name="accPageTitleTest" duration-ms="29" started-at="2022-03-17T17:52:47Z" finished-at="2022-03-17T17:52:47Z">
          <reporter-output>
          </reporter-output>
        </test-method> <!-- accPageTitleTest -->
        <test-method status="PASS" signature="accPageUrlTest()[pri:0, instance:com.qa.opencart.tests.AccountsPageTest@11b377c5]" name="accPageUrlTest" duration-ms="62" started-at="2022-03-17T17:52:47Z" finished-at="2022-03-17T17:52:48Z">
          <reporter-output>
          </reporter-output>
        </test-method> <!-- accPageUrlTest -->
        <test-method status="PASS" signature="logoutLinkTest()[pri:0, instance:com.qa.opencart.tests.AccountsPageTest@11b377c5]" name="logoutLinkTest" duration-ms="1237" started-at="2022-03-17T17:52:48Z" finished-at="2022-03-17T17:52:49Z">
          <reporter-output>
          </reporter-output>
        </test-method> <!-- logoutLinkTest -->
        <test-method status="PASS" signature="searchExistTest()[pri:0, instance:com.qa.opencart.tests.AccountsPageTest@11b377c5]" name="searchExistTest" duration-ms="1138" started-at="2022-03-17T17:52:49Z" finished-at="2022-03-17T17:52:50Z">
          <reporter-output>
          </reporter-output>
        </test-method> <!-- searchExistTest -->
        <test-method status="PASS" signature="searchTest(java.lang.String)[pri:0, instance:com.qa.opencart.tests.AccountsPageTest@11b377c5]" name="searchTest" duration-ms="6517" started-at="2022-03-17T17:52:50Z" data-provider="productData" finished-at="2022-03-17T17:52:56Z">
          <params>
            <param index="0">
              <value>
                <![CDATA[Macbook]]>
              </value>
            </param>
          </params>
          <reporter-output>
          </reporter-output>
        </test-method> <!-- searchTest -->
        <test-method status="PASS" signature="searchTest(java.lang.String)[pri:0, instance:com.qa.opencart.tests.AccountsPageTest@11b377c5]" name="searchTest" duration-ms="6129" started-at="2022-03-17T17:52:56Z" data-provider="productData" finished-at="2022-03-17T17:53:03Z">
          <params>
            <param index="0">
              <value>
                <![CDATA[iMac]]>
              </value>
            </param>
          </params>
          <reporter-output>
          </reporter-output>
        </test-method> <!-- searchTest -->
        <test-method status="PASS" signature="searchTest(java.lang.String)[pri:0, instance:com.qa.opencart.tests.AccountsPageTest@11b377c5]" name="searchTest" duration-ms="5810" started-at="2022-03-17T17:53:03Z" data-provider="productData" finished-at="2022-03-17T17:53:08Z">
          <params>
            <param index="0">
              <value>
                <![CDATA[Apple]]>
              </value>
            </param>
          </params>
          <reporter-output>
          </reporter-output>
        </test-method> <!-- searchTest -->
        <test-method status="PASS" signature="selectProductTest(java.lang.String, java.lang.String)[pri:0, instance:com.qa.opencart.tests.AccountsPageTest@11b377c5]" name="selectProductTest" duration-ms="16643" started-at="2022-03-17T17:53:08Z" data-provider="productSelectData" finished-at="2022-03-17T17:53:25Z">
          <params>
            <param index="0">
              <value>
                <![CDATA[Macbook]]>
              </value>
            </param>
            <param index="1">
              <value>
                <![CDATA[MacBook Pro]]>
              </value>
            </param>
          </params>
          <reporter-output>
          </reporter-output>
        </test-method> <!-- selectProductTest -->
        <test-method status="PASS" signature="selectProductTest(java.lang.String, java.lang.String)[pri:0, instance:com.qa.opencart.tests.AccountsPageTest@11b377c5]" name="selectProductTest" duration-ms="15466" started-at="2022-03-17T17:53:25Z" data-provider="productSelectData" finished-at="2022-03-17T17:53:41Z">
          <params>
            <param index="0">
              <value>
                <![CDATA[Macbook]]>
              </value>
            </param>
            <param index="1">
              <value>
                <![CDATA[MacBook Air]]>
              </value>
            </param>
          </params>
          <reporter-output>
          </reporter-output>
        </test-method> <!-- selectProductTest -->
        <test-method status="PASS" signature="selectProductTest(java.lang.String, java.lang.String)[pri:0, instance:com.qa.opencart.tests.AccountsPageTest@11b377c5]" name="selectProductTest" duration-ms="13582" started-at="2022-03-17T17:53:41Z" data-provider="productSelectData" finished-at="2022-03-17T17:53:54Z">
          <params>
            <param index="0">
              <value>
                <![CDATA[iMac]]>
              </value>
            </param>
            <param index="1">
              <value>
                <![CDATA[iMac]]>
              </value>
            </param>
          </params>
          <reporter-output>
          </reporter-output>
        </test-method> <!-- selectProductTest -->
        <test-method status="PASS" signature="selectProductTest(java.lang.String, java.lang.String)[pri:0, instance:com.qa.opencart.tests.AccountsPageTest@11b377c5]" name="selectProductTest" duration-ms="9338" started-at="2022-03-17T17:53:54Z" data-provider="productSelectData" finished-at="2022-03-17T17:54:04Z">
          <params>
            <param index="0">
              <value>
                <![CDATA[Apple]]>
              </value>
            </param>
            <param index="1">
              <value>
                <![CDATA[Apple Cinema 30"]]>
              </value>
            </param>
          </params>
          <reporter-output>
          </reporter-output>
        </test-method> <!-- selectProductTest -->
        <test-method status="PASS" signature="tearDown()[pri:0, instance:com.qa.opencart.tests.AccountsPageTest@11b377c5]" name="tearDown" is-config="true" duration-ms="1367" started-at="2022-03-17T17:54:04Z" finished-at="2022-03-17T17:54:05Z">
          <reporter-output>
          </reporter-output>
        </test-method> <!-- tearDown -->
      </class> <!-- com.qa.opencart.tests.AccountsPageTest -->
    </test> <!-- Accounts Page Test -->
  </suite> <!-- Open Cart Regression Test Suite -->
</testng-results>
